<?xml version="1.0" encoding="UTF-8"?>
<robot generator="Robot 6.1 (Python 3.9.6 on darwin)" generated="20230820 09:22:26.891" rpa="false" schemaversion="4">
<suite id="s1" name="01 Simple Test" source="/Users/kamil/Repositories/robot-framework/tmp/01_simple_test.robot">
<test id="s1-t1" name="Internal Library Test" line="34">
<kw name="Create List" library="BuiltIn">
<var>${var_l}</var>
<arg>${2}</arg>
<arg>${2}</arg>
<arg>${1}</arg>
<doc>Returns a list containing given items.</doc>
<msg timestamp="20230820 09:22:26.913" level="INFO">${var_l} = [2, 2, 1]</msg>
<status status="PASS" starttime="20230820 09:22:26.912" endtime="20230820 09:22:26.913"/>
</kw>
<kw name="Log To Console" library="BuiltIn">
<arg>${var_l}</arg>
<doc>Logs the given message to the console.</doc>
<status status="PASS" starttime="20230820 09:22:26.913" endtime="20230820 09:22:26.913"/>
</kw>
<kw name="Sum List" library="MathLibrary">
<var>${result}</var>
<arg>${var_l}</arg>
<msg timestamp="20230820 09:22:26.913" level="INFO">${result} = 5</msg>
<status status="PASS" starttime="20230820 09:22:26.913" endtime="20230820 09:22:26.913"/>
</kw>
<kw name="Should Be True" library="BuiltIn">
<arg>${result} == 5</arg>
<doc>Fails if the given condition is not true.</doc>
<status status="PASS" starttime="20230820 09:22:26.913" endtime="20230820 09:22:26.914"/>
</kw>
<tag>03</tag>
<status status="PASS" starttime="20230820 09:22:26.912" endtime="20230820 09:22:26.914"/>
</test>
<status status="PASS" starttime="20230820 09:22:26.892" endtime="20230820 09:22:26.914"/>
</suite>
<statistics>
<total>
<stat pass="1" fail="0" skip="0">All Tests</stat>
</total>
<tag>
<stat pass="1" fail="0" skip="0">03</stat>
</tag>
<suite>
<stat pass="1" fail="0" skip="0" id="s1" name="01 Simple Test">01 Simple Test</stat>
</suite>
</statistics>
<errors>
</errors>
</robot>
