<?xml version="1.0" encoding="UTF-8"?>
<robot generator="Robot 6.1 (Python 3.9.6 on darwin)" generated="20230807 19:03:44.484" rpa="false" schemaversion="4">
<suite id="s1" name="02 All In One" source="/Users/kamil/Repositories/robot-framework/Tests/basic_tests/02_all_in_one.robot">
<test id="s1-t1" name="Sum values" line="29">
<kw name="Log To Console" library="BuiltIn" type="SETUP">
<arg>"start"</arg>
<doc>Logs the given message to the console.</doc>
<status status="PASS" starttime="20230807 19:03:44.500" endtime="20230807 19:03:44.500"/>
</kw>
<kw name="Sum two values">
<doc>TODO</doc>
<kw name="Should Not Be Empty" library="BuiltIn">
<arg>${var1}</arg>
<doc>Verifies that the given item is not empty.</doc>
<msg timestamp="20230807 19:03:44.501" level="INFO">Length is 1</msg>
<status status="PASS" starttime="20230807 19:03:44.501" endtime="20230807 19:03:44.501"/>
</kw>
<kw name="Should Not Be Empty" library="BuiltIn">
<arg>${var2}</arg>
<doc>Verifies that the given item is not empty.</doc>
<msg timestamp="20230807 19:03:44.501" level="INFO">Length is 1</msg>
<status status="PASS" starttime="20230807 19:03:44.501" endtime="20230807 19:03:44.501"/>
</kw>
<kw name="Evaluate" library="BuiltIn">
<var>${result}</var>
<arg>${var1} + ${var2}</arg>
<doc>Evaluates the given expression in Python and returns the result.</doc>
<msg timestamp="20230807 19:03:44.501" level="INFO">${result} = 5</msg>
<status status="PASS" starttime="20230807 19:03:44.501" endtime="20230807 19:03:44.501"/>
</kw>
<kw name="Log To Console" library="BuiltIn">
<arg>${result}</arg>
<doc>Logs the given message to the console.</doc>
<status status="PASS" starttime="20230807 19:03:44.501" endtime="20230807 19:03:44.502"/>
</kw>
<status status="PASS" starttime="20230807 19:03:44.500" endtime="20230807 19:03:44.502"/>
</kw>
<kw name="Log To Console" library="BuiltIn" type="TEARDOWN">
<arg>"koniec"</arg>
<doc>Logs the given message to the console.</doc>
<status status="PASS" starttime="20230807 19:03:44.502" endtime="20230807 19:03:44.502"/>
</kw>
<status status="PASS" starttime="20230807 19:03:44.500" endtime="20230807 19:03:44.502"/>
</test>
<test id="s1-t2" name="Execute command and except not empty return" line="32">
<kw name="Log To Console" library="BuiltIn" type="SETUP">
<arg>"start"</arg>
<doc>Logs the given message to the console.</doc>
<status status="PASS" starttime="20230807 19:03:44.502" endtime="20230807 19:03:44.503"/>
</kw>
<kw name="Execute Local Command" library="os_operations">
<var>${result}</var>
<arg>${cmd_ls}</arg>
<msg timestamp="20230807 19:03:44.510" level="INFO">${result} = 1.sql
Applications
Desktop
Documents
Downloads
Library
Movies
Music
Pictures
Postman
Public
PycharmProjects
Repositories
def decorator_lovercase(function):.py
test
</msg>
<status status="PASS" starttime="20230807 19:03:44.503" endtime="20230807 19:03:44.510"/>
</kw>
<kw name="Set Local Variable" library="BuiltIn">
<arg>${result}</arg>
<doc>Makes a variable available everywhere within the local scope.</doc>
<msg timestamp="20230807 19:03:44.511" level="INFO">${result} = 1.sql
Applications
Desktop
Documents
Downloads
Library
Movies
Music
Pictures
Postman
Public
PycharmProjects
Repositories
def decorator_lovercase(function):.py
test
</msg>
<status status="PASS" starttime="20230807 19:03:44.511" endtime="20230807 19:03:44.511"/>
</kw>
<kw name="Should Not Be Empty" library="BuiltIn">
<arg>${result}</arg>
<doc>Verifies that the given item is not empty.</doc>
<msg timestamp="20230807 19:03:44.511" level="INFO">Length is 164</msg>
<status status="PASS" starttime="20230807 19:03:44.511" endtime="20230807 19:03:44.511"/>
</kw>
<kw name="Log To Console" library="BuiltIn" type="TEARDOWN">
<arg>"koniec"</arg>
<doc>Logs the given message to the console.</doc>
<status status="PASS" starttime="20230807 19:03:44.512" endtime="20230807 19:03:44.512"/>
</kw>
<status status="PASS" starttime="20230807 19:03:44.502" endtime="20230807 19:03:44.512"/>
</test>
<status status="PASS" starttime="20230807 19:03:44.486" endtime="20230807 19:03:44.512"/>
</suite>
<statistics>
<total>
<stat pass="2" fail="0" skip="0">All Tests</stat>
</total>
<tag>
</tag>
<suite>
<stat pass="2" fail="0" skip="0" id="s1" name="02 All In One">02 All In One</stat>
</suite>
</statistics>
<errors>
</errors>
</robot>
