<?xml version="1.0" encoding="UTF-8"?>
<robot generator="Robot 6.1 (Python 3.9.6 on darwin)" generated="20230620 17:07:02.717" rpa="false" schemaversion="4">
<suite id="s1" name="01 Test Enviroment" source="/Users/kamil/Repositories/robot-framework/Tests_BDD_example_cb/basic_tests/01_test_enviroment.robot">
<test id="s1-t1" name="Test Calculate Two Numbers" line="7">
<kw name="Given Select two numbers" library="keywords">
<doc>Selects two int numbers from variables</doc>
<kw name="Set Test Variable" library="BuiltIn">
<arg>${num1}</arg>
<doc>Makes a variable available everywhere within the scope of the current test.</doc>
<msg timestamp="20230620 17:07:02.735" level="INFO">${num1} = 3</msg>
<status status="PASS" starttime="20230620 17:07:02.735" endtime="20230620 17:07:02.735"/>
</kw>
<kw name="Set Test Variable" library="BuiltIn">
<arg>${num2}</arg>
<doc>Makes a variable available everywhere within the scope of the current test.</doc>
<msg timestamp="20230620 17:07:02.736" level="INFO">${num2} = 5</msg>
<status status="PASS" starttime="20230620 17:07:02.735" endtime="20230620 17:07:02.736"/>
</kw>
<status status="PASS" starttime="20230620 17:07:02.735" endtime="20230620 17:07:02.736"/>
</kw>
<kw name="When Sum two numbers" library="keywords">
<doc>Sum two numbers and set result as global variable</doc>
<kw name="Evaluate" library="BuiltIn">
<var>${sum}</var>
<arg>${num1} + ${num2}</arg>
<doc>Evaluates the given expression in Python and returns the result.</doc>
<msg timestamp="20230620 17:07:02.736" level="INFO">${sum} = 8</msg>
<status status="PASS" starttime="20230620 17:07:02.736" endtime="20230620 17:07:02.736"/>
</kw>
<kw name="Set Global Variable" library="BuiltIn">
<arg>${sum}</arg>
<doc>Makes a variable available globally in all tests and suites.</doc>
<msg timestamp="20230620 17:07:02.737" level="INFO">${sum} = 8</msg>
<status status="PASS" starttime="20230620 17:07:02.736" endtime="20230620 17:07:02.737"/>
</kw>
<status status="PASS" starttime="20230620 17:07:02.736" endtime="20230620 17:07:02.737"/>
</kw>
<kw name="Then Sum equals desired value" library="keywords">
<doc>Checks if sum equals real value</doc>
<kw name="Should Be Equal As Integers" library="BuiltIn">
<arg>${sum}</arg>
<arg>${8}</arg>
<doc>Fails if objects are unequal after converting them to integers.</doc>
<status status="PASS" starttime="20230620 17:07:02.737" endtime="20230620 17:07:02.738"/>
</kw>
<status status="PASS" starttime="20230620 17:07:02.737" endtime="20230620 17:07:02.738"/>
</kw>
<tag>PRINT</tag>
<status status="PASS" starttime="20230620 17:07:02.735" endtime="20230620 17:07:02.738"/>
</test>
<doc>This Test Suite covers linux cmd keywords</doc>
<status status="PASS" starttime="20230620 17:07:02.718" endtime="20230620 17:07:02.738"/>
</suite>
<statistics>
<total>
<stat pass="1" fail="0" skip="0">All Tests</stat>
</total>
<tag>
<stat pass="1" fail="0" skip="0">PRINT</stat>
</tag>
<suite>
<stat pass="1" fail="0" skip="0" id="s1" name="01 Test Enviroment">01 Test Enviroment</stat>
</suite>
</statistics>
<errors>
</errors>
</robot>
