<?xml version="1.0" encoding="UTF-8"?>
<robot generator="Robot 4.0 (Python 3.7.9 on win32)" generated="20211207 18:43:14.531" rpa="false" schemaversion="2">
<suite id="s1" name="Tests" source="C:\Users\bartocha\Documents\Github_repositories\robot-framework\Tests">
<suite id="s1-s1" name="Basic Tests" source="C:\Users\bartocha\Documents\Github_repositories\robot-framework\Tests\basic_tests">
<suite id="s1-s1-s1" name="01 Test Enviroment" source="C:\Users\bartocha\Documents\Github_repositories\robot-framework\Tests\basic_tests\01_test_enviroment.robot">
<test id="s1-s1-s1-t1" name="Print To Console">
<kw name="Print Message ${hello_msg} To Console" library="keywords" sourcename="Print Message ${message} To Console">
<doc>Keyword validate if robot can properly execute keywords
and use varibales by printing message to Console.</doc>
<kw name="Log To Console" library="BuiltIn">
<arg>${message}</arg>
<doc>Logs the given message to the console.</doc>
<status status="PASS" starttime="20211207 18:43:14.617" endtime="20211207 18:43:14.618"/>
</kw>
<status status="PASS" starttime="20211207 18:43:14.616" endtime="20211207 18:43:14.619"/>
</kw>
<doc>Checks if robot works, TC should print some msg to Console</doc>
<tag>PRINT</tag>
<status status="PASS" starttime="20211207 18:43:14.615" endtime="20211207 18:43:14.620"/>
</test>
<test id="s1-s1-s1-t2" name="Sum List">
<kw name="Sum List Check" library="keywords">
<doc>Check sum list internal keyword</doc>
<kw name="Sum List" library="math_operations">
<var>${sum}</var>
<arg>${odd_list}</arg>
<doc>Sum all list values</doc>
<msg timestamp="20211207 18:43:14.623" level="INFO">${sum} = 25.0</msg>
<status status="PASS" starttime="20211207 18:43:14.622" endtime="20211207 18:43:14.623"/>
</kw>
<kw name="Log To Console" library="BuiltIn">
<arg>${sum}</arg>
<doc>Logs the given message to the console.</doc>
<status status="PASS" starttime="20211207 18:43:14.623" endtime="20211207 18:43:14.624"/>
</kw>
<status status="PASS" starttime="20211207 18:43:14.622" endtime="20211207 18:43:14.624"/>
</kw>
<doc>Call sum list keyword</doc>
<tag>PRINT</tag>
<status status="PASS" starttime="20211207 18:43:14.621" endtime="20211207 18:43:14.625"/>
</test>
<doc>This Test Suite covers linux cmd keywords</doc>
<status status="PASS" starttime="20211207 18:43:14.588" endtime="20211207 18:43:14.627"/>
</suite>
<status status="PASS" starttime="20211207 18:43:14.578" endtime="20211207 18:43:14.630"/>
</suite>
<status status="PASS" starttime="20211207 18:43:14.531" endtime="20211207 18:43:14.633"/>
</suite>
<statistics>
<total>
<stat pass="2" fail="0" skip="0">All Tests</stat>
</total>
<tag>
<stat pass="2" fail="0" skip="0">PRINT</stat>
</tag>
<suite>
<stat pass="2" fail="0" skip="0" id="s1" name="Tests">Tests</stat>
<stat pass="2" fail="0" skip="0" id="s1-s1" name="Basic Tests">Tests.Basic Tests</stat>
<stat pass="2" fail="0" skip="0" id="s1-s1-s1" name="01 Test Enviroment">Tests.Basic Tests.01 Test Enviroment</stat>
</suite>
</statistics>
<errors>
</errors>
</robot>
