<?xml version="1.0" encoding="UTF-8"?>
<robot generator="Robot 4.0 (Python 3.7.9 on win32)" generated="20211207 17:21:05.194" rpa="false" schemaversion="2">
<suite id="s1" name="Tests" source="C:\Users\bartocha\Documents\Github_repositories\robot-framework\Tests">
<suite id="s1-s1" name="Linux Keywords" source="C:\Users\bartocha\Documents\Github_repositories\robot-framework\Tests\linux_keywords">
<suite id="s1-s1-s1" name="01 Test Enviroment" source="C:\Users\bartocha\Documents\Github_repositories\robot-framework\Tests\linux_keywords\01_test_enviroment.robot">
<test id="s1-s1-s1-t1" name="Print To Console">
<kw name="Print Message ${hello_msg} To Console" library="keywords" sourcename="Print Message ${message} To Console">
<doc>Keyword validate if robot can properly execute keywords
and use varibales by printing message to Console.</doc>
<kw name="Log To Console" library="BuiltIn">
<arg>${message}</arg>
<doc>Logs the given message to the console.</doc>
<status status="PASS" starttime="20211207 17:21:05.250" endtime="20211207 17:21:05.251"/>
</kw>
<status status="PASS" starttime="20211207 17:21:05.249" endtime="20211207 17:21:05.251"/>
</kw>
<doc>Checks robot works, TC should print some msg to Console</doc>
<tag>PRINT</tag>
<status status="PASS" starttime="20211207 17:21:05.248" endtime="20211207 17:21:05.252"/>
</test>
<doc>This Test Suite covers linux cmd keywords</doc>
<status status="PASS" starttime="20211207 17:21:05.239" endtime="20211207 17:21:05.253"/>
</suite>
<status status="PASS" starttime="20211207 17:21:05.236" endtime="20211207 17:21:05.255"/>
</suite>
<status status="PASS" starttime="20211207 17:21:05.200" endtime="20211207 17:21:05.257"/>
</suite>
<statistics>
<total>
<stat pass="1" fail="0" skip="0">All Tests</stat>
</total>
<tag>
<stat pass="1" fail="0" skip="0">PRINT</stat>
</tag>
<suite>
<stat pass="1" fail="0" skip="0" id="s1" name="Tests">Tests</stat>
<stat pass="1" fail="0" skip="0" id="s1-s1" name="Linux Keywords">Tests.Linux Keywords</stat>
<stat pass="1" fail="0" skip="0" id="s1-s1-s1" name="01 Test Enviroment">Tests.Linux Keywords.01 Test Enviroment</stat>
</suite>
</statistics>
<errors>
</errors>
</robot>
