<?xml version="1.0" encoding="UTF-8"?>
<robot generator="Robot 6.1 (Python 3.10.6 on darwin)" generated="20230807 18:53:16.397" rpa="false" schemaversion="4">
<suite id="s1" name="Robot-Framework" source="/Users/kamil/Repositories/robot-framework">
<suite id="s1-s1" name="Tests" source="/Users/kamil/Repositories/robot-framework/Tests">
<suite id="s1-s1-s1" name="Basic Tests" source="/Users/kamil/Repositories/robot-framework/Tests/basic_tests">
<suite id="s1-s1-s1-s1" name="02 All In One" source="/Users/kamil/Repositories/robot-framework/Tests/basic_tests/02_all_in_one.robot">
<test id="s1-s1-s1-s1-t1" name="Execute command and except not empty return" line="32">
<kw name="Log To Console" library="BuiltIn" type="SETUP">
<arg>"start"</arg>
<doc>Logs the given message to the console.</doc>
<status status="PASS" starttime="20230807 18:53:16.422" endtime="20230807 18:53:16.422"/>
</kw>
<kw name="Execute Local Command" library="os_operations">
<var>${result}</var>
<arg>${cmd_ls}</arg>
<msg timestamp="20230807 18:53:16.428" level="INFO">${result} = 0</msg>
<status status="PASS" starttime="20230807 18:53:16.422" endtime="20230807 18:53:16.428"/>
</kw>
<kw name="Set Local Variable" library="BuiltIn">
<arg>${result}</arg>
<doc>Makes a variable available everywhere within the local scope.</doc>
<msg timestamp="20230807 18:53:16.429" level="INFO">${result} = 0</msg>
<status status="PASS" starttime="20230807 18:53:16.429" endtime="20230807 18:53:16.430"/>
</kw>
<kw name="Log To Console" library="BuiltIn">
<arg>${result}</arg>
<doc>Logs the given message to the console.</doc>
<status status="PASS" starttime="20230807 18:53:16.430" endtime="20230807 18:53:16.430"/>
</kw>
<kw name="Log To Console" library="BuiltIn" type="TEARDOWN">
<arg>"koniec"</arg>
<doc>Logs the given message to the console.</doc>
<status status="PASS" starttime="20230807 18:53:16.431" endtime="20230807 18:53:16.431"/>
</kw>
<status status="PASS" starttime="20230807 18:53:16.421" endtime="20230807 18:53:16.431"/>
</test>
<status status="PASS" starttime="20230807 18:53:16.418" endtime="20230807 18:53:16.432"/>
</suite>
<status status="PASS" starttime="20230807 18:53:16.416" endtime="20230807 18:53:16.433"/>
</suite>
<status status="PASS" starttime="20230807 18:53:16.415" endtime="20230807 18:53:16.435"/>
</suite>
<status status="PASS" starttime="20230807 18:53:16.400" endtime="20230807 18:53:16.435"/>
</suite>
<statistics>
<total>
<stat pass="1" fail="0" skip="0">All Tests</stat>
</total>
<tag>
</tag>
<suite>
<stat pass="1" fail="0" skip="0" id="s1" name="Robot-Framework">Robot-Framework</stat>
<stat pass="1" fail="0" skip="0" id="s1-s1" name="Tests">Robot-Framework.Tests</stat>
<stat pass="1" fail="0" skip="0" id="s1-s1-s1" name="Basic Tests">Robot-Framework.Tests.Basic Tests</stat>
<stat pass="1" fail="0" skip="0" id="s1-s1-s1-s1" name="02 All In One">Robot-Framework.Tests.Basic Tests.02 All In One</stat>
</suite>
</statistics>
<errors>
</errors>
</robot>
