<?xml version="1.0" encoding="UTF-8"?>
<robot generator="Robot 6.1 (Python 3.10.6 on darwin)" generated="20230620 17:06:28.834" rpa="false" schemaversion="4">
<suite id="s1" name="Robot-Framework" source="/Users/kamil/Repositories/robot-framework">
<suite id="s1-s1" name="Tests BDD example cb" source="/Users/kamil/Repositories/robot-framework/Tests_BDD_example_cb">
<suite id="s1-s1-s1" name="Basic Tests" source="/Users/kamil/Repositories/robot-framework/Tests_BDD_example_cb/basic_tests">
<suite id="s1-s1-s1-s1" name="01 Test Enviroment" source="/Users/kamil/Repositories/robot-framework/Tests_BDD_example_cb/basic_tests/01_test_enviroment.robot">
<test id="s1-s1-s1-s1-t1" name="Test Calculate Two Numbers" line="7">
<kw name="Given Select two numbers" library="keywords">
<doc>Selects two int numbers from variables</doc>
<kw name="Set Test Variable" library="BuiltIn">
<arg>${num1}</arg>
<doc>Makes a variable available everywhere within the scope of the current test.</doc>
<msg timestamp="20230620 17:06:28.861" level="INFO">${num1} = 3</msg>
<status status="PASS" starttime="20230620 17:06:28.861" endtime="20230620 17:06:28.861"/>
</kw>
<kw name="Set Test Variable" library="BuiltIn">
<arg>${num2}</arg>
<doc>Makes a variable available everywhere within the scope of the current test.</doc>
<msg timestamp="20230620 17:06:28.862" level="INFO">${num2} = 5</msg>
<status status="PASS" starttime="20230620 17:06:28.861" endtime="20230620 17:06:28.862"/>
</kw>
<status status="PASS" starttime="20230620 17:06:28.859" endtime="20230620 17:06:28.862"/>
</kw>
<kw name="When Sum two numbers" library="keywords">
<doc>Sum two numbers and set result as global variable</doc>
<kw name="Evaluate" library="BuiltIn">
<var>${sum}</var>
<arg>${num1} + ${num2}</arg>
<doc>Evaluates the given expression in Python and returns the result.</doc>
<msg timestamp="20230620 17:06:28.865" level="INFO">${sum} = 8</msg>
<status status="PASS" starttime="20230620 17:06:28.865" endtime="20230620 17:06:28.865"/>
</kw>
<kw name="Set Global Variable" library="BuiltIn">
<arg>${sum}</arg>
<doc>Makes a variable available globally in all tests and suites.</doc>
<msg timestamp="20230620 17:06:28.866" level="INFO">${sum} = 8</msg>
<status status="PASS" starttime="20230620 17:06:28.866" endtime="20230620 17:06:28.866"/>
</kw>
<status status="PASS" starttime="20230620 17:06:28.863" endtime="20230620 17:06:28.866"/>
</kw>
<kw name="Then Sum equals desired value" library="keywords">
<doc>Checks if sum equals real value</doc>
<kw name="Should Be Equal As Integers" library="BuiltIn">
<arg>${sum}</arg>
<arg>${8}</arg>
<doc>Fails if objects are unequal after converting them to integers.</doc>
<status status="PASS" starttime="20230620 17:06:28.870" endtime="20230620 17:06:28.871"/>
</kw>
<status status="PASS" starttime="20230620 17:06:28.868" endtime="20230620 17:06:28.871"/>
</kw>
<tag>PRINT</tag>
<status status="PASS" starttime="20230620 17:06:28.858" endtime="20230620 17:06:28.872"/>
</test>
<doc>This Test Suite covers linux cmd keywords</doc>
<status status="PASS" starttime="20230620 17:06:28.854" endtime="20230620 17:06:28.873"/>
</suite>
<status status="PASS" starttime="20230620 17:06:28.852" endtime="20230620 17:06:28.874"/>
</suite>
<status status="PASS" starttime="20230620 17:06:28.851" endtime="20230620 17:06:28.875"/>
</suite>
<status status="PASS" starttime="20230620 17:06:28.836" endtime="20230620 17:06:28.875"/>
</suite>
<statistics>
<total>
<stat pass="1" fail="0" skip="0">All Tests</stat>
</total>
<tag>
<stat pass="1" fail="0" skip="0">PRINT</stat>
</tag>
<suite>
<stat pass="1" fail="0" skip="0" id="s1" name="Robot-Framework">Robot-Framework</stat>
<stat pass="1" fail="0" skip="0" id="s1-s1" name="Tests BDD example cb">Robot-Framework.Tests BDD example cb</stat>
<stat pass="1" fail="0" skip="0" id="s1-s1-s1" name="Basic Tests">Robot-Framework.Tests BDD example cb.Basic Tests</stat>
<stat pass="1" fail="0" skip="0" id="s1-s1-s1-s1" name="01 Test Enviroment">Robot-Framework.Tests BDD example cb.Basic Tests.01 Test Enviroment</stat>
</suite>
</statistics>
<errors>
</errors>
</robot>
